2024-11-04 05:28:25 - AppLogger - INFO - Application started.
2024-11-04 05:28:26 - AppLogger - INFO - Initializing DraggableWindow
2024-11-04 05:28:26 - AppLogger - ERROR - Icon file not found: bitmap "icon.ico" not defined
2024-11-04 05:28:26 - AppLogger - DEBUG - Set application window style.
2024-11-04 06:06:20 - AppLogger - INFO - Initializing MainWindow
2024-11-04 06:06:28 - AppLogger - INFO - Initializing MainWindow
2024-11-04 06:07:30 - AppLogger - INFO - Initializing MainWindow
2024-11-04 06:07:30 - AppLogger - INFO - Page 'Login' initialized.
2024-11-04 06:07:30 - AppLogger - INFO - Page 'Register' initialized.
2024-11-04 06:12:41 - AppLogger - INFO - Initializing MainWindow
2024-11-04 06:12:41 - AppLogger - INFO - Page 'Login' initialized.
2024-11-04 06:12:41 - AppLogger - INFO - Page 'Register' initialized.
2024-11-04 06:15:19 - AppLogger - INFO - Initializing MainWindow
2024-11-04 06:15:19 - AppLogger - INFO - Page 'Login' initialized.
2024-11-04 06:15:19 - AppLogger - INFO - Page 'Register' initialized.
2024-11-04 06:25:21 - AppLogger - INFO - Initializing MainWindow
2024-11-04 06:25:21 - AppLogger - INFO - Page 'Login' initialized.
2024-11-04 06:25:21 - AppLogger - INFO - Page 'Register' initialized.
2024-11-04 06:26:01 - AppLogger - INFO - Initializing MainWindow
2024-11-04 06:26:01 - AppLogger - INFO - Page 'Login' initialized.
2024-11-04 06:26:01 - AppLogger - INFO - Page 'Register' initialized.
2024-11-04 06:26:59 - AppLogger - INFO - Initializing MainWindow
2024-11-04 06:26:59 - AppLogger - INFO - Page 'Login' initialized.
2024-11-04 06:26:59 - AppLogger - INFO - Page 'Register' initialized.
2024-11-04 06:28:43 - AppLogger - INFO - Initializing MainWindow
2024-11-04 06:28:43 - AppLogger - INFO - Page 'Login' initialized.
2024-11-04 06:28:43 - AppLogger - INFO - Page 'Register' initialized.
2024-11-04 06:28:50 - AppLogger - INFO - Initializing MainWindow
2024-11-04 06:28:50 - AppLogger - INFO - Page 'Login' initialized.
2024-11-04 06:28:50 - AppLogger - INFO - Page 'Register' initialized.
2024-11-04 06:29:06 - AppLogger - INFO - Initializing MainWindow
2024-11-04 06:29:06 - AppLogger - INFO - Page 'Login' initialized.
2024-11-04 06:29:06 - AppLogger - INFO - Page 'Register' initialized.
2024-11-04 06:29:06 - AppLogger - INFO - Page 'Main' initialized.
2024-11-04 06:29:06 - AppLogger - DEBUG - Set application window style.
2024-11-04 06:29:06 - AppLogger - INFO - Showing page 'Login'.
2024-11-04 06:36:06 - AppLogger - INFO - Initializing MainWindow
2024-11-04 06:36:06 - AppLogger - INFO - Page 'Login' initialized.
2024-11-04 06:36:06 - AppLogger - INFO - Page 'Register' initialized.
2024-11-04 06:36:06 - AppLogger - INFO - Page 'Main' initialized.
2024-11-04 06:36:06 - AppLogger - DEBUG - Set application window style.
2024-11-04 06:36:06 - AppLogger - INFO - Showing page 'Login'.
2024-11-04 06:42:08 - AppLogger - INFO - Initializing MainWindow
2024-11-04 06:42:08 - AppLogger - INFO - Page 'Login' initialized.
2024-11-04 06:42:08 - AppLogger - INFO - Page 'Register' initialized.
2024-11-04 06:42:08 - AppLogger - INFO - Page 'Main' initialized.
2024-11-04 06:42:08 - AppLogger - DEBUG - Set application window style.
2024-11-04 06:42:08 - AppLogger - INFO - Showing page 'Login'.
2024-11-04 06:42:08 - AppLogger - DEBUG - Added 'Login' to page history.
2024-11-04 06:42:10 - AppLogger - INFO - Started dragging the window.
2024-11-04 06:42:10 - AppLogger - DEBUG - Window moved to (0, 1).
2024-11-04 06:42:10 - AppLogger - DEBUG - Window moved to (1, 1).
2024-11-04 06:42:10 - AppLogger - DEBUG - Window moved to (2, 4).
2024-11-04 06:42:10 - AppLogger - DEBUG - Window moved to (2, 5).
2024-11-04 06:42:10 - AppLogger - DEBUG - Window moved to (5, 11).
2024-11-04 06:42:10 - AppLogger - DEBUG - Window moved to (7, 13).
2024-11-04 06:42:10 - AppLogger - DEBUG - Window moved to (12, 21).
2024-11-04 06:42:10 - AppLogger - DEBUG - Window moved to (21, 31).
2024-11-04 06:42:10 - AppLogger - DEBUG - Window moved to (29, 37).
2024-11-04 06:42:10 - AppLogger - DEBUG - Window moved to (31, 39).
2024-11-04 06:42:10 - AppLogger - DEBUG - Window moved to (41, 46).
2024-11-04 06:42:10 - AppLogger - DEBUG - Window moved to (51, 51).
2024-11-04 06:42:10 - AppLogger - DEBUG - Window moved to (62, 56).
2024-11-04 06:42:10 - AppLogger - DEBUG - Window moved to (73, 60).
2024-11-04 06:42:10 - AppLogger - DEBUG - Window moved to (85, 64).
2024-11-04 06:42:10 - AppLogger - DEBUG - Window moved to (97, 68).
2024-11-04 06:42:10 - AppLogger - DEBUG - Window moved to (104, 70).
2024-11-04 06:42:10 - AppLogger - DEBUG - Window moved to (124, 75).
2024-11-04 06:42:10 - AppLogger - DEBUG - Window moved to (146, 83).
2024-11-04 06:42:10 - AppLogger - DEBUG - Window moved to (174, 92).
2024-11-04 06:42:10 - AppLogger - DEBUG - Window moved to (204, 103).
2024-11-04 06:42:10 - AppLogger - DEBUG - Window moved to (240, 115).
2024-11-04 06:42:10 - AppLogger - DEBUG - Window moved to (281, 128).
2024-11-04 06:42:10 - AppLogger - DEBUG - Window moved to (322, 141).
2024-11-04 06:42:10 - AppLogger - DEBUG - Window moved to (362, 152).
2024-11-04 06:42:10 - AppLogger - DEBUG - Window moved to (373, 155).
2024-11-04 06:42:10 - AppLogger - DEBUG - Window moved to (402, 163).
2024-11-04 06:42:10 - AppLogger - DEBUG - Window moved to (435, 171).
2024-11-04 06:42:10 - AppLogger - DEBUG - Window moved to (454, 177).
2024-11-04 06:42:10 - AppLogger - DEBUG - Window moved to (470, 180).
2024-11-04 06:42:10 - AppLogger - DEBUG - Window moved to (482, 184).
2024-11-04 06:42:10 - AppLogger - DEBUG - Window moved to (493, 188).
2024-11-04 06:42:10 - AppLogger - DEBUG - Window moved to (507, 193).
2024-11-04 06:42:10 - AppLogger - DEBUG - Window moved to (511, 194).
2024-11-04 06:42:10 - AppLogger - DEBUG - Window moved to (524, 198).
2024-11-04 06:42:10 - AppLogger - DEBUG - Window moved to (536, 203).
2024-11-04 06:42:10 - AppLogger - DEBUG - Window moved to (548, 205).
2024-11-04 06:42:10 - AppLogger - DEBUG - Window moved to (559, 207).
2024-11-04 06:42:10 - AppLogger - DEBUG - Window moved to (562, 207).
2024-11-04 06:42:10 - AppLogger - DEBUG - Window moved to (568, 207).
2024-11-04 06:42:10 - AppLogger - DEBUG - Window moved to (571, 207).
2024-11-04 06:42:10 - AppLogger - DEBUG - Window moved to (573, 207).
2024-11-04 06:42:10 - AppLogger - DEBUG - Window moved to (573, 206).
2024-11-04 06:42:10 - AppLogger - INFO - Stopped dragging the window.
2024-11-04 06:42:10 - AppLogger - INFO - Started dragging the window.
2024-11-04 06:42:10 - AppLogger - DEBUG - Window moved to (573, 207).
2024-11-04 06:42:10 - AppLogger - DEBUG - Window moved to (574, 207).
2024-11-04 06:42:10 - AppLogger - DEBUG - Window moved to (574, 208).
2024-11-04 06:42:10 - AppLogger - DEBUG - Window moved to (575, 209).
2024-11-04 06:42:10 - AppLogger - DEBUG - Window moved to (576, 210).
2024-11-04 06:42:10 - AppLogger - DEBUG - Window moved to (582, 213).
2024-11-04 06:42:10 - AppLogger - DEBUG - Window moved to (585, 215).
2024-11-04 06:42:10 - AppLogger - DEBUG - Window moved to (595, 221).
2024-11-04 06:42:10 - AppLogger - DEBUG - Window moved to (602, 225).
2024-11-04 06:42:10 - AppLogger - DEBUG - Window moved to (611, 228).
2024-11-04 06:42:10 - AppLogger - DEBUG - Window moved to (620, 232).
2024-11-04 06:42:10 - AppLogger - DEBUG - Window moved to (631, 237).
2024-11-04 06:42:10 - AppLogger - DEBUG - Window moved to (642, 240).
2024-11-04 06:42:10 - AppLogger - DEBUG - Window moved to (656, 244).
2024-11-04 06:42:10 - AppLogger - DEBUG - Window moved to (670, 249).
2024-11-04 06:42:10 - AppLogger - DEBUG - Window moved to (686, 253).
2024-11-04 06:42:10 - AppLogger - DEBUG - Window moved to (700, 256).
2024-11-04 06:42:10 - AppLogger - DEBUG - Window moved to (715, 260).
2024-11-04 06:42:10 - AppLogger - DEBUG - Window moved to (729, 263).
2024-11-04 06:42:11 - AppLogger - DEBUG - Window moved to (741, 264).
2024-11-04 06:42:11 - AppLogger - DEBUG - Window moved to (745, 265).
2024-11-04 06:42:11 - AppLogger - DEBUG - Window moved to (753, 265).
2024-11-04 06:42:11 - AppLogger - DEBUG - Window moved to (758, 265).
2024-11-04 06:42:11 - AppLogger - DEBUG - Window moved to (763, 266).
2024-11-04 06:42:11 - AppLogger - DEBUG - Window moved to (765, 266).
2024-11-04 06:42:11 - AppLogger - DEBUG - Window moved to (766, 266).
2024-11-04 06:42:11 - AppLogger - DEBUG - Window moved to (766, 265).
2024-11-04 06:42:11 - AppLogger - DEBUG - Window moved to (765, 264).
2024-11-04 06:42:11 - AppLogger - DEBUG - Window moved to (764, 264).
2024-11-04 06:42:11 - AppLogger - DEBUG - Window moved to (763, 263).
2024-11-04 06:42:11 - AppLogger - DEBUG - Window moved to (762, 263).
2024-11-04 06:42:11 - AppLogger - DEBUG - Window moved to (760, 263).
2024-11-04 06:42:11 - AppLogger - DEBUG - Window moved to (757, 263).
2024-11-04 06:42:11 - AppLogger - DEBUG - Window moved to (751, 262).
2024-11-04 06:42:11 - AppLogger - DEBUG - Window moved to (747, 262).
2024-11-04 06:42:11 - AppLogger - DEBUG - Window moved to (740, 261).
2024-11-04 06:42:11 - AppLogger - DEBUG - Window moved to (732, 260).
2024-11-04 06:42:11 - AppLogger - DEBUG - Window moved to (726, 259).
2024-11-04 06:42:11 - AppLogger - DEBUG - Window moved to (715, 257).
2024-11-04 06:42:11 - AppLogger - DEBUG - Window moved to (707, 256).
2024-11-04 06:42:11 - AppLogger - DEBUG - Window moved to (699, 254).
2024-11-04 06:42:11 - AppLogger - DEBUG - Window moved to (693, 253).
2024-11-04 06:42:11 - AppLogger - DEBUG - Window moved to (682, 252).
2024-11-04 06:42:11 - AppLogger - DEBUG - Window moved to (672, 250).
2024-11-04 06:42:11 - AppLogger - DEBUG - Window moved to (663, 249).
2024-11-04 06:42:11 - AppLogger - DEBUG - Window moved to (649, 248).
2024-11-04 06:42:11 - AppLogger - DEBUG - Window moved to (639, 247).
2024-11-04 06:42:11 - AppLogger - DEBUG - Window moved to (623, 245).
2024-11-04 06:42:11 - AppLogger - DEBUG - Window moved to (612, 245).
2024-11-04 06:42:11 - AppLogger - DEBUG - Window moved to (601, 244).
2024-11-04 06:42:11 - AppLogger - DEBUG - Window moved to (590, 244).
2024-11-04 06:42:11 - AppLogger - DEBUG - Window moved to (580, 244).
2024-11-04 06:42:11 - AppLogger - DEBUG - Window moved to (570, 244).
2024-11-04 06:42:11 - AppLogger - DEBUG - Window moved to (559, 244).
2024-11-04 06:42:11 - AppLogger - DEBUG - Window moved to (552, 244).
2024-11-04 06:42:11 - AppLogger - DEBUG - Window moved to (545, 244).
2024-11-04 06:42:11 - AppLogger - DEBUG - Window moved to (540, 244).
2024-11-04 06:42:11 - AppLogger - INFO - Stopped dragging the window.
2024-11-04 06:42:11 - AppLogger - INFO - Started dragging the window.
2024-11-04 06:42:11 - AppLogger - DEBUG - Window moved to (541, 244).
2024-11-04 06:42:11 - AppLogger - DEBUG - Window moved to (541, 245).
2024-11-04 06:42:11 - AppLogger - DEBUG - Window moved to (543, 245).
2024-11-04 06:42:11 - AppLogger - DEBUG - Window moved to (550, 247).
2024-11-04 06:42:11 - AppLogger - DEBUG - Window moved to (557, 249).
2024-11-04 06:42:11 - AppLogger - DEBUG - Window moved to (562, 250).
2024-11-04 06:42:11 - AppLogger - DEBUG - Window moved to (569, 252).
2024-11-04 06:42:11 - AppLogger - DEBUG - Window moved to (579, 253).
2024-11-04 06:42:11 - AppLogger - DEBUG - Window moved to (587, 253).
2024-11-04 06:42:11 - AppLogger - DEBUG - Window moved to (599, 254).
2024-11-04 06:42:11 - AppLogger - DEBUG - Window moved to (608, 254).
2024-11-04 06:42:11 - AppLogger - DEBUG - Window moved to (619, 255).
2024-11-04 06:42:11 - AppLogger - DEBUG - Window moved to (635, 255).
2024-11-04 06:42:11 - AppLogger - DEBUG - Window moved to (643, 255).
2024-11-04 06:42:11 - AppLogger - DEBUG - Window moved to (656, 256).
2024-11-04 06:42:11 - AppLogger - DEBUG - Window moved to (671, 257).
2024-11-04 06:42:11 - AppLogger - DEBUG - Window moved to (680, 257).
2024-11-04 06:42:11 - AppLogger - DEBUG - Window moved to (699, 260).
2024-11-04 06:42:11 - AppLogger - DEBUG - Window moved to (709, 260).
2024-11-04 06:42:11 - AppLogger - DEBUG - Window moved to (727, 262).
2024-11-04 06:42:11 - AppLogger - DEBUG - Window moved to (738, 263).
2024-11-04 06:42:11 - AppLogger - DEBUG - Window moved to (749, 264).
2024-11-04 06:42:11 - AppLogger - DEBUG - Window moved to (758, 264).
2024-11-04 06:42:11 - AppLogger - DEBUG - Window moved to (772, 265).
2024-11-04 06:42:11 - AppLogger - DEBUG - Window moved to (778, 266).
2024-11-04 06:42:11 - AppLogger - DEBUG - Window moved to (784, 266).
2024-11-04 06:42:11 - AppLogger - DEBUG - Window moved to (788, 266).
2024-11-04 06:42:11 - AppLogger - DEBUG - Window moved to (790, 266).
2024-11-04 06:42:11 - AppLogger - DEBUG - Window moved to (792, 266).
2024-11-04 06:42:11 - AppLogger - DEBUG - Window moved to (793, 266).
2024-11-04 06:42:11 - AppLogger - DEBUG - Window moved to (794, 266).
2024-11-04 06:42:11 - AppLogger - DEBUG - Window moved to (795, 266).
2024-11-04 06:42:11 - AppLogger - INFO - Stopped dragging the window.
2024-11-04 06:42:12 - AppLogger - INFO - Started dragging the window.
2024-11-04 06:42:12 - AppLogger - DEBUG - Window moved to (795, 265).
2024-11-04 06:42:13 - AppLogger - INFO - Stopped dragging the window.
2024-11-04 06:42:13 - AppLogger - INFO - Started dragging the window.
2024-11-04 06:42:13 - AppLogger - INFO - Stopped dragging the window.
2024-11-04 06:42:13 - AppLogger - INFO - Started dragging the window.
2024-11-04 06:42:13 - AppLogger - INFO - Stopped dragging the window.
2024-11-04 06:42:14 - AppLogger - INFO - Started dragging the window.
2024-11-04 06:42:14 - AppLogger - INFO - Stopped dragging the window.
2024-11-04 06:42:14 - AppLogger - INFO - Started dragging the window.
2024-11-04 06:42:14 - AppLogger - INFO - Stopped dragging the window.
2024-11-04 06:42:14 - AppLogger - INFO - Started dragging the window.
2024-11-04 06:42:14 - AppLogger - INFO - Stopped dragging the window.
2024-11-04 06:42:15 - AppLogger - INFO - Escape key pressed. Closing the window.
2024-11-04 06:42:15 - AppLogger - INFO - Closing the window...
